This is pdfTeX, Version 3.14159265-2.6-1.40.21 (MiKTeX 20.12) (preloaded format=pdflatex 2020.12.30)  17 MAR 2021 15:04
entering extended mode
**./paper.tex
(paper.tex
LaTeX2e <2020-10-01> patch level 2
L3 programming layer <2020-12-07> xparse <2020-03-03> (llncs.cls
Document Class: llncs 2018/03/10 v2.20 
 LaTeX document class for Lecture Notes in Computer Science
("C:\Users\Adrian\AppData\Local\Programs\MiKTeX 2.9\tex/latex/base\article.cls"
Document Class: article 2020/04/10 v1.4m Standard LaTeX document class
("C:\Users\Adrian\AppData\Local\Programs\MiKTeX 2.9\tex/latex/base\size10.clo"
File: size10.clo 2020/04/10 v1.4m Standard LaTeX file (size option)
)
\c@part=\count177
\c@section=\count178
\c@subsection=\count179
\c@subsubsection=\count180
\c@paragraph=\count181
\c@subparagraph=\count182
\c@figure=\count183
\c@table=\count184
\abovecaptionskip=\skip47
\belowcaptionskip=\skip48
\bibindent=\dimen138
)
("C:\Users\Adrian\AppData\Local\Programs\MiKTeX 2.9\tex/latex/tools\multicol.st
y"
Package: multicol 2019/12/09 v1.8y multicolumn formatting (FMi)
\c@tracingmulticols=\count185
\mult@box=\box47
\multicol@leftmargin=\dimen139
\c@unbalance=\count186
\c@collectmore=\count187
\doublecol@number=\count188
\multicoltolerance=\count189
\multicolpretolerance=\count190
\full@width=\dimen140
\page@free=\dimen141
\premulticols=\dimen142
\postmulticols=\dimen143
\multicolsep=\skip49
\multicolbaselineskip=\skip50
\partial@page=\box48
\last@line=\box49
\maxbalancingoverflow=\dimen144
\mult@rightbox=\box50
\mult@grightbox=\box51
\mult@gfirstbox=\box52
\mult@firstbox=\box53
\@tempa=\box54
\@tempa=\box55
\@tempa=\box56
\@tempa=\box57
\@tempa=\box58
\@tempa=\box59
\@tempa=\box60
\@tempa=\box61
\@tempa=\box62
\@tempa=\box63
\@tempa=\box64
\@tempa=\box65
\@tempa=\box66
\@tempa=\box67
\@tempa=\box68
\@tempa=\box69
\@tempa=\box70
\@tempa=\box71
\@tempa=\box72
\@tempa=\box73
\@tempa=\box74
\@tempa=\box75
\@tempa=\box76
\@tempa=\box77
\@tempa=\box78
\@tempa=\box79
\@tempa=\box80
\@tempa=\box81
\@tempa=\box82
\@tempa=\box83
\@tempa=\box84
\@tempa=\box85
\@tempa=\box86
\@tempa=\box87
\@tempa=\box88
\@tempa=\box89
\@tempa=\box90
\c@minrows=\count191
\c@columnbadness=\count192
\c@finalcolumnbadness=\count193
\last@try=\dimen145
\multicolovershoot=\dimen146
\multicolundershoot=\dimen147
\mult@nat@firstbox=\box91
\colbreak@box=\box92
\mc@col@check@num=\count194
)
("C:\Users\Adrian\AppData\Local\Programs\MiKTeX 2.9\tex/latex/oberdiek\aliascnt
.sty"
Package: aliascnt 2018/09/07 v1.5 Alias counters (HO)
)
\c@chapter=\count195
LaTeX Font Info:    Redeclaring math symbol \Gamma on input line 362.
LaTeX Font Info:    Redeclaring math symbol \Delta on input line 363.
LaTeX Font Info:    Redeclaring math symbol \Theta on input line 364.
LaTeX Font Info:    Redeclaring math symbol \Lambda on input line 365.
LaTeX Font Info:    Redeclaring math symbol \Xi on input line 366.
LaTeX Font Info:    Redeclaring math symbol \Pi on input line 367.
LaTeX Font Info:    Redeclaring math symbol \Sigma on input line 368.
LaTeX Font Info:    Redeclaring math symbol \Upsilon on input line 369.
LaTeX Font Info:    Redeclaring math symbol \Phi on input line 370.
LaTeX Font Info:    Redeclaring math symbol \Psi on input line 371.
LaTeX Font Info:    Redeclaring math symbol \Omega on input line 372.
\tocchpnum=\dimen148
\tocsecnum=\dimen149
\tocsectotal=\dimen150
\tocsubsecnum=\dimen151
\tocsubsectotal=\dimen152
\tocsubsubsecnum=\dimen153
\tocsubsubsectotal=\dimen154
\tocparanum=\dimen155
\tocparatotal=\dimen156
\tocsubparanum=\dimen157
\@tempcntc=\count196
\fnindent=\dimen158
\c@@inst=\count197
\c@@auth=\count198
\c@auco=\count199
\instindent=\dimen159
\authrun=\box93
\authorrunning=\toks15
\tocauthor=\toks16
\titrun=\box94
\titlerunning=\toks17
\toctitle=\toks18
\c@theorem=\count266
\c@case=\count267
\c@conjecture=\count268
\c@corollary=\count269
\c@definition=\count270
\c@example=\count271
\c@exercise=\count272
\c@lemma=\count273
\c@note=\count274
\c@problem=\count275
\c@property=\count276
\c@proposition=\count277
\c@question=\count278
\c@solution=\count279
\c@remark=\count280
\headlineindent=\dimen160
)
("C:\Users\Adrian\AppData\Local\Programs\MiKTeX 2.9\tex/latex/graphics\graphicx
.sty"
Package: graphicx 2020/09/09 v1.2b Enhanced LaTeX Graphics (DPC,SPQR)

("C:\Users\Adrian\AppData\Local\Programs\MiKTeX 2.9\tex/latex/graphics\keyval.s
ty"
Package: keyval 2014/10/28 v1.15 key=value parser (DPC)
\KV@toks@=\toks19
)
("C:\Users\Adrian\AppData\Local\Programs\MiKTeX 2.9\tex/latex/graphics\graphics
.sty"
Package: graphics 2020/08/30 v1.4c Standard LaTeX Graphics (DPC,SPQR)

("C:\Users\Adrian\AppData\Local\Programs\MiKTeX 2.9\tex/latex/graphics\trig.sty
"
Package: trig 2016/01/03 v1.10 sin cos tan (DPC)
)
("C:\Users\Adrian\AppData\Local\Programs\MiKTeX 2.9\tex/latex/graphics-cfg\grap
hics.cfg"
File: graphics.cfg 2016/06/04 v1.11 sample graphics configuration
)
Package graphics Info: Driver file: pdftex.def on input line 105.

("C:\Users\Adrian\AppData\Local\Programs\MiKTeX 2.9\tex/latex/graphics-def\pdft
ex.def"
File: pdftex.def 2020/10/05 v1.2a Graphics/color driver for pdftex
))
\Gin@req@height=\dimen161
\Gin@req@width=\dimen162
)
("C:\Users\Adrian\AppData\Local\Programs\MiKTeX 2.9\tex/latex/l3backend\l3backe
nd-pdftex.def"
File: l3backend-pdftex.def 2020-09-24 L3 backend support: PDF output (pdfTeX)
\l__kernel_color_stack_int=\count281
\l__pdf_internal_box=\box95
) (paper.aux)
\openout1 = `paper.aux'.

LaTeX Font Info:    Checking defaults for OML/cmm/m/it on input line 3.
LaTeX Font Info:    ... okay on input line 3.
LaTeX Font Info:    Checking defaults for OMS/cmsy/m/n on input line 3.
LaTeX Font Info:    ... okay on input line 3.
LaTeX Font Info:    Checking defaults for OT1/cmr/m/n on input line 3.
LaTeX Font Info:    ... okay on input line 3.
LaTeX Font Info:    Checking defaults for T1/cmr/m/n on input line 3.
LaTeX Font Info:    ... okay on input line 3.
LaTeX Font Info:    Checking defaults for TS1/cmr/m/n on input line 3.
LaTeX Font Info:    ... okay on input line 3.
LaTeX Font Info:    Checking defaults for OMX/cmex/m/n on input line 3.
LaTeX Font Info:    ... okay on input line 3.
LaTeX Font Info:    Checking defaults for U/cmr/m/n on input line 3.
LaTeX Font Info:    ... okay on input line 3.

("C:\Users\Adrian\AppData\Local\Programs\MiKTeX 2.9\tex/context/base/mkii\supp-
pdf.mkii"
[Loading MPS to PDF converter (version 2006.09.02).]
\scratchcounter=\count282
\scratchdimen=\dimen163
\scratchbox=\box96
\nofMPsegments=\count283
\nofMParguments=\count284
\everyMPshowfont=\toks20
\MPscratchCnt=\count285
\MPscratchDim=\dimen164
\MPnumerator=\count286
\makeMPintoPDFobject=\count287
\everyMPtoPDFconversion=\toks21
)
("C:\Users\Adrian\AppData\Local\Programs\MiKTeX 2.9\tex/latex/epstopdf-pkg\epst
opdf-base.sty"
Package: epstopdf-base 2020-01-24 v2.11 Base part for package epstopdf
Package epstopdf-base Info: Redefining graphics rule for `.eps' on input line 4
85.
) [1

{C:/Users/Adrian/AppData/Local/MiKTeX/2.9/pdftex/config/pdftex.map}]
LaTeX Font Info:    External font `cmex10' loaded for size
(Font)              <7> on input line 30.
LaTeX Font Info:    External font `cmex10' loaded for size
(Font)              <5> on input line 30.

Overfull \hbox (16.23668pt too wide) in paragraph at lines 52--56
\OT1/cmr/m/n/10 prilo frame-work: $\OML/cmm/m/it/10 isRobot\OT1/cmr/m/n/10 (\OM
L/cmm/m/it/10 robot\OT1/cmr/m/n/10 (\OML/cmm/m/it/10 R\OT1/cmr/m/n/10 ))$ to ch
eck if some-thing is a robot, $\OML/cmm/m/it/10 position\OT1/cmr/m/n/10 ((\OML/
cmm/m/it/10 X; Y\OT1/cmr/m/n/10 ))$
 []


Overfull \hbox (57.55461pt too wide) in paragraph at lines 52--56
\OT1/cmr/m/n/10 As in-put, the pro-gram ex-pects a plan of the form $\OML/cmm/m
/it/10 occurs\OT1/cmr/m/n/10 (\OML/cmm/m/it/10 object\OT1/cmr/m/n/10 (\OML/cmm/
m/it/10 robot; R\OT1/cmr/m/n/10 )\OML/cmm/m/it/10 ; action\OT1/cmr/m/n/10 (\OML
/cmm/m/it/10 move; D\OT1/cmr/m/n/10 )\OML/cmm/m/it/10 ; T\OT1/cmr/m/n/10 )$.
 []

[2]
Overfull \hbox (36.12312pt too wide) in paragraph at lines 62--62
[]\OT1/cmtt/m/n/10 position(R,C,T,A) :- move(R,D,T,A), position(R,C',T-1,A), ne
xtto(C',D,C).[] 
 []


Overfull \hbox (57.12294pt too wide) in paragraph at lines 62--62
[]                  \OT1/cmtt/m/n/10 :- move(R,D,T,A), position(R,C ,T-1,A), no
t nextto(C ,D,_).[] 
 []


Overfull \hbox (51.87299pt too wide) in paragraph at lines 62--62
[]\OT1/cmtt/m/n/10 position(R,C,T,A) :- position(R,C,T-1,A), not move(R,_,T,A),
 conflict_nr(A),[] 
 []


Underfull \hbox (badness 10000) in paragraph at lines 69--71

 []

<Images/Conflict 1_1.png, id=16, 648.92438pt x 392.21532pt>
File: Images/Conflict 1_1.png Graphic file (type png)
<use Images/Conflict 1_1.png>
Package pdftex.def Info: Images/Conflict 1_1.png  used on input line 78.
(pdftex.def)             Requested size: 138.84729pt x 83.91768pt.
<Images/Conflict 1_2.png, id=17, 648.17157pt x 396.7322pt>
File: Images/Conflict 1_2.png Graphic file (type png)
<use Images/Conflict 1_2.png>
Package pdftex.def Info: Images/Conflict 1_2.png  used on input line 84.
(pdftex.def)             Requested size: 138.84729pt x 84.98701pt.
<Images/Conflict 2.png, id=18, 754.31813pt x 475.7775pt>
File: Images/Conflict 2.png Graphic file (type png)
<use Images/Conflict 2.png>
Package pdftex.def Info: Images/Conflict 2.png  used on input line 98.
(pdftex.def)             Requested size: 213.39566pt x 134.59613pt.

LaTeX Warning: `h' float specifier changed to `ht'.

[3] [4 <./Images/Conflict 1_1.png> <./Images/Conflict 1_2.png> <./Images/Confli
ct 2.png>]
Overfull \hbox (15.1233pt too wide) in paragraph at lines 134--134
[]\OT1/cmtt/m/n/10 position(R,C,T-1,A+1) :- solving_conflict(R',T,A), isRobot(r
obot(R)),[] 
 []


Overfull \hbox (25.62321pt too wide) in paragraph at lines 134--134
[]\OT1/cmtt/m/n/10 move(R,D,T',A+1) :- solving_conflict(R',T,A), isRobot(robot(
R)), R!=R',[] 
 []


Overfull \hbox (4.6234pt too wide) in paragraph at lines 140--140
[]\OT1/cmtt/m/n/10 move(R,D,T'+1,A+1) :- solving_conflict(R,T,A), not move(R,_,
T,A+1),[] 
 []


Overfull \hbox (15.1233pt too wide) in paragraph at lines 145--145
[]\OT1/cmtt/m/n/10 1{step_back(R,(DX',DY'),T_B,A+1) : time(T_B), T_B<=horizon, 
T_B>T}1:-[] 
 []


Overfull \hbox (36.12312pt too wide) in paragraph at lines 145--145
[]        \OT1/cmtt/m/n/10 solving_conflict(R,T,A), move(R,(DX,DY),T,A+1), DX'=
-DX, DY'=-DY.[] 
 []


Overfull \hbox (20.37326pt too wide) in paragraph at lines 152--152
[]\OT1/cmtt/m/n/10 move(R,D,T'+1,A+1) :- solving_conflict(R,T,A), step_back(R,_
,T_B,A+1),[] 
 []


Overfull \hbox (30.87317pt too wide) in paragraph at lines 152--152
[]\OT1/cmtt/m/n/10 move(R,D,T'+2,A+1) :- step_back(R,_,T_B,A+1), move(R,D,T',A)
, T'>=T_B-1.[] 
 []

[5]
Overfull \hbox (51.87299pt too wide) in paragraph at lines 173--173
[]\OT1/cmtt/m/n/10 new_move(R,D,T) :- move(R,D,T,MAX_C), MAX_C == #max{A: posit
ion(R,C,T-1,A)}.[] 
 []

[6]
Overfull \hbox (93.87262pt too wide) in paragraph at lines 187--187
[]\OT1/cmtt/m/n/10 conflict(R1,T,A) :- position(R1,C1,T-1,A), position(R1,C2,T,
A), position(R2,C2,T,A),[] 
 []


Overfull \hbox (46.62303pt too wide) in paragraph at lines 194--194
[]\OT1/cmtt/m/n/10 :- position(R1,C1,T-1,A), position(R1,C2,T,A), position(R2,C
2,T,A), R1!=R2,[] 
 []


Overfull \hbox (93.87262pt too wide) in paragraph at lines 205--205
[]\OT1/cmtt/m/n/10 conflict(R1,T,A) :- position(R1,C1,T-1,A), position(R1,C2,T,
A), position(R2,C2,T,A),[] 
 []

LaTeX Font Info:    External font `cmex10' loaded for size
(Font)              <9> on input line 215.
LaTeX Font Info:    External font `cmex10' loaded for size
(Font)              <6> on input line 215.
[7]
<Images/Instance 1.png, id=36, 395.97937pt x 388.45125pt>
File: Images/Instance 1.png Graphic file (type png)
<use Images/Instance 1.png>
Package pdftex.def Info: Images/Instance 1.png  used on input line 220.
(pdftex.def)             Requested size: 213.39566pt x 209.3397pt.


LaTeX Warning: `h' float specifier changed to `ht'.

<Images/Instance 2.png, id=37, 293.59688pt x 465.23813pt>
File: Images/Instance 2.png Graphic file (type png)
<use Images/Instance 2.png>
Package pdftex.def Info: Images/Instance 2.png  used on input line 226.
(pdftex.def)             Requested size: 213.39566pt x 338.15152pt.

LaTeX Warning: `h' float specifier changed to `ht'.

<Images/Instance 3.png, id=38, 528.47438pt x 157.33781pt>
File: Images/Instance 3.png Graphic file (type png)
<use Images/Instance 3.png>
Package pdftex.def Info: Images/Instance 3.png  used on input line 232.
(pdftex.def)             Requested size: 213.39566pt x 63.5318pt.

LaTeX Warning: `h' float specifier changed to `ht'.

[8]
Underfull \vbox (badness 7099) has occurred while \output is active []

 [9 <./Images/Instance 1.png>] [10 <./Images/Instance 2.png>] [11 <./Images/Ins
tance 3.png>] [12]
Overfull \hbox (1.955pt too wide) in paragraph at lines 303--325
[] 
 []


Underfull \vbox (badness 10000) has occurred while \output is active []

 [13]
Underfull \hbox (badness 10000) in paragraph at lines 351--376

 []


Underfull \vbox (badness 10000) has occurred while \output is active []

 [14]
Underfull \vbox (badness 2237) has occurred while \output is active []

 [15]
[16] (paper.aux) ) 
Here is how much of TeX's memory you used:
 1692 strings out of 479662
 25268 string characters out of 2863093
 325933 words of memory out of 3000000
 18819 multiletter control sequences out of 15000+200000
 408963 words of font info for 46 fonts, out of 3000000 for 9000
 1141 hyphenation exceptions out of 8191
 66i,9n,72p,1166b,290s stack positions out of 5000i,500n,10000p,200000b,50000s
<C:/Users/Adrian/AppData/Local/Programs/MiKTeX 2.9/fonts/type
1/public/amsfonts/cm/cmbx10.pfb><C:/Users/Adrian/AppData/Local/Programs/MiKTeX 
2.9/fonts/type1/public/amsfonts/cm/cmbx12.pfb><C:/Users/Adrian/AppData/Local/Pr
ograms/MiKTeX 2.9/fonts/type1/public/amsfonts/cm/cmbx9.pfb><C:/Users/Adrian/App
Data/Local/Programs/MiKTeX 2.9/fonts/type1/public/amsfonts/cm/cmcsc10.pfb><C:/U
sers/Adrian/AppData/Local/Programs/MiKTeX 2.9/fonts/type1/public/amsfonts/cm/cm
mi10.pfb><C:/Users/Adrian/AppData/Local/Programs/MiKTeX 2.9/fonts/type1/public/
amsfonts/cm/cmr10.pfb><C:/Users/Adrian/AppData/Local/Programs/MiKTeX 2.9/fonts/
type1/public/amsfonts/cm/cmr6.pfb><C:/Users/Adrian/AppData/Local/Programs/MiKTe
X 2.9/fonts/type1/public/amsfonts/cm/cmr7.pfb><C:/Users/Adrian/AppData/Local/Pr
ograms/MiKTeX 2.9/fonts/type1/public/amsfonts/cm/cmr9.pfb><C:/Users/Adrian/AppD
ata/Local/Programs/MiKTeX 2.9/fonts/type1/public/amsfonts/cm/cmti12.pfb><C:/Use
rs/Adrian/AppData/Local/Programs/MiKTeX 2.9/fonts/type1/public/amsfonts/cm/cmtt
10.pfb><C:/Users/Adrian/AppData/Local/Programs/MiKTeX 2.9/fonts/type1/public/am
sfonts/cm/cmtt9.pfb>
Output written on paper.pdf (16 pages, 258300 bytes).
PDF statistics:
 108 PDF objects out of 1000 (max. 8388607)
 0 named destinations out of 1000 (max. 500000)
 31 words of extra memory for PDF output out of 10000 (max. 10000000)

